<?xml version="1.0" encoding="UTF-8"?>
<!-- Generated by org.testng.reporters.JUnitReportReporter -->
<testsuite hostname="Rohini" name="CustomerServiceTestNG" tests="1" failures="0" timestamp="8 Feb 2017 22:17:14 GMT" time="2.214" errors="0">
  <testcase name="getCustomerSuccess" time="2.214" classname="CustomerServiceTestNG"/>
</testsuite> <!-- CustomerServiceTestNG -->
