<?xml version="1.0" encoding="UTF-8"?>
<!-- Generated by org.testng.reporters.JUnitReportReporter -->
<testsuite hostname="Rohini" name="com.apex.service.customer.CustomerServiceTestNG" tests="1" failures="0" timestamp="10 Feb 2017 06:50:08 GMT" time="1.427" errors="0">
  <testcase name="getCustomerSuccess" time="1.427" classname="com.apex.service.customer.CustomerServiceTestNG"/>
</testsuite> <!-- com.apex.service.customer.CustomerServiceTestNG -->
